<?xml version="1.0" encoding="utf-8"?><testsuites name="pytest tests"><testsuite name="pytest" errors="0" failures="0" skipped="0" tests="16" time="8.884" timestamp="2026-07-05T17:49:08.494627+00:00" hostname="agent-env-77dc513e-92a4-4283-908b-b4a90b9751c1"><testcase classname="backend.tests.test_v12_new_features.TestReviews" name="test_initial_reviews_empty" time="0.373" /><testcase classname="backend.tests.test_v12_new_features.TestReviews" name="test_add_review_requires_auth" time="0.093" /><testcase classname="backend.tests.test_v12_new_features.TestReviews" name="test_add_review_rating_out_of_range" time="0.394" /><testcase classname="backend.tests.test_v12_new_features.TestReviews" name="test_add_review_ok_and_upsert" time="0.535" /><testcase classname="backend.tests.test_v12_new_features.TestBridgeCalls" name="test_bridge_config" time="0.104" /><testcase classname="backend.tests.test_v12_new_features.TestBridgeCalls" name="test_log_bridge_call_and_admin_list" time="0.404" /><testcase classname="backend.tests.test_v12_new_features.TestBridgeCalls" name="test_admin_update_call_status" time="0.185" /><testcase classname="backend.tests.test_v12_new_features.TestBridgeCalls" name="test_admin_call_requests_forbidden_for_buyer" time="0.102" /><testcase classname="backend.tests.test_v12_new_features.TestAdminUsers" name="test_admin_users_ok" time="0.096" /><testcase classname="backend.tests.test_v12_new_features.TestAdminUsers" name="test_admin_users_forbidden_for_buyer" time="0.094" /><testcase classname="backend.tests.test_v12_new_features.TestAdminUsers" name="test_admin_users_forbidden_for_owner" time="0.304" /><testcase classname="backend.tests.test_v12_new_features.TestAIPriceSuggest" name="test_price_suggest_structured" time="5.687" /><testcase classname="backend.tests.test_v12_new_features.TestAIPriceSuggest" name="test_price_suggest_requires_auth" time="0.113" /><testcase classname="backend.tests.test_v12_new_features.TestAIDuplicateCheck" name="test_duplicate_exact_seed_title" time="0.133" /><testcase classname="backend.tests.test_v12_new_features.TestAIDuplicateCheck" name="test_duplicate_new_title_no_match" time="0.095" /><testcase classname="backend.tests.test_v12_new_features.TestAIDuplicateCheck" name="test_duplicate_requires_auth" time="0.093" /></testsuite></testsuites>