<?xml version="1.0" encoding="utf-8"?><testsuites name="pytest tests"><testsuite name="pytest" errors="0" failures="0" skipped="0" tests="28" time="9.623" timestamp="2026-07-05T17:14:47.267779+00:00" hostname="agent-env-77dc513e-92a4-4283-908b-b4a90b9751c1"><testcase classname="backend.tests.backend_test.TestAuth" name="test_send_otp_valid" time="0.127" /><testcase classname="backend.tests.backend_test.TestAuth" name="test_send_otp_invalid_short" time="0.101" /><testcase classname="backend.tests.backend_test.TestAuth" name="test_verify_otp_wrong" time="0.093" /><testcase classname="backend.tests.backend_test.TestAuth" name="test_verify_otp_creates_new_user_buyer" time="0.097" /><testcase classname="backend.tests.backend_test.TestAuth" name="test_me_with_token" time="0.281" /><testcase classname="backend.tests.backend_test.TestAuth" name="test_me_no_token" time="0.092" /><testcase classname="backend.tests.backend_test.TestAuth" name="test_complete_profile_owner_role" time="0.097" /><testcase classname="backend.tests.backend_test.TestPropertyList" name="test_list_all_approved" time="0.104" /><testcase classname="backend.tests.backend_test.TestPropertyList" name="test_filter_listing_type_rent" time="0.088" /><testcase classname="backend.tests.backend_test.TestPropertyList" name="test_filter_city_mumbai" time="0.103" /><testcase classname="backend.tests.backend_test.TestPropertyList" name="test_filter_featured" time="0.087" /><testcase classname="backend.tests.backend_test.TestPropertyList" name="test_filter_verified" time="0.096" /><testcase classname="backend.tests.backend_test.TestPropertyList" name="test_filter_bedrooms" time="0.104" /><testcase classname="backend.tests.backend_test.TestPropertyList" name="test_filter_price_range" time="0.090" /><testcase classname="backend.tests.backend_test.TestPropertyList" name="test_get_single_property_with_owner" time="0.294" /><testcase classname="backend.tests.backend_test.TestPropertyList" name="test_get_property_not_found" time="0.094" /><testcase classname="backend.tests.backend_test.TestPropertyCRUD" name="test_create_property_forbidden_for_buyer" time="0.098" /><testcase classname="backend.tests.backend_test.TestPropertyCRUD" name="test_create_property_ok_for_owner" time="0.279" /><testcase classname="backend.tests.backend_test.TestPropertyCRUD" name="test_my_properties" time="0.092" /><testcase classname="backend.tests.backend_test.TestPropertyCRUD" name="test_update_property_own" time="0.105" /><testcase classname="backend.tests.backend_test.TestPropertyCRUD" name="test_admin_approve_and_feature" time="0.490" /><testcase classname="backend.tests.backend_test.TestWishlist" name="test_wishlist_flow" time="0.467" /><testcase classname="backend.tests.backend_test.TestVisits" name="test_visit_flow" time="0.594" /><testcase classname="backend.tests.backend_test.TestChat" name="test_chat_flow" time="0.504" /><testcase classname="backend.tests.backend_test.TestAdmin" name="test_admin_stats" time="0.115" /><testcase classname="backend.tests.backend_test.TestAdmin" name="test_admin_list_pending" time="0.095" /><testcase classname="backend.tests.backend_test.TestAdmin" name="test_admin_forbidden_for_buyer" time="0.097" /><testcase classname="backend.tests.backend_test.TestAI" name="test_generate_description" time="4.644" /></testsuite></testsuites>