<?xml version="1.0" encoding="utf-8"?><testsuites name="pytest tests"><testsuite name="pytest" errors="0" failures="1" skipped="0" tests="28" time="6.932" timestamp="2026-07-05T17:08:43.850451+00:00" hostname="agent-env-77dc513e-92a4-4283-908b-b4a90b9751c1"><testcase classname="backend.tests.backend_test.TestAuth" name="test_send_otp_valid" time="0.244" /><testcase classname="backend.tests.backend_test.TestAuth" name="test_send_otp_invalid_short" time="0.136" /><testcase classname="backend.tests.backend_test.TestAuth" name="test_verify_otp_wrong" time="0.104" /><testcase classname="backend.tests.backend_test.TestAuth" name="test_verify_otp_creates_new_user_buyer" time="0.095" /><testcase classname="backend.tests.backend_test.TestAuth" name="test_me_with_token" time="0.348" /><testcase classname="backend.tests.backend_test.TestAuth" name="test_me_no_token" time="0.106" /><testcase classname="backend.tests.backend_test.TestAuth" name="test_complete_profile_owner_role" time="0.131" /><testcase classname="backend.tests.backend_test.TestPropertyList" name="test_list_all_approved" time="0.089" /><testcase classname="backend.tests.backend_test.TestPropertyList" name="test_filter_listing_type_rent" time="0.097" /><testcase classname="backend.tests.backend_test.TestPropertyList" name="test_filter_city_mumbai" time="0.128" /><testcase classname="backend.tests.backend_test.TestPropertyList" name="test_filter_featured" time="0.090" /><testcase classname="backend.tests.backend_test.TestPropertyList" name="test_filter_verified" time="0.096" /><testcase classname="backend.tests.backend_test.TestPropertyList" name="test_filter_bedrooms" time="0.098" /><testcase classname="backend.tests.backend_test.TestPropertyList" name="test_filter_price_range" time="0.098" /><testcase classname="backend.tests.backend_test.TestPropertyList" name="test_get_single_property_with_owner" time="0.319" /><testcase classname="backend.tests.backend_test.TestPropertyList" name="test_get_property_not_found" time="0.114" /><testcase classname="backend.tests.backend_test.TestPropertyCRUD" name="test_create_property_forbidden_for_buyer" time="0.137" /><testcase classname="backend.tests.backend_test.TestPropertyCRUD" name="test_create_property_ok_for_owner" time="0.291" /><testcase classname="backend.tests.backend_test.TestPropertyCRUD" name="test_my_properties" time="0.099" /><testcase classname="backend.tests.backend_test.TestPropertyCRUD" name="test_update_property_own" time="0.111" /><testcase classname="backend.tests.backend_test.TestPropertyCRUD" name="test_admin_approve_and_feature" time="0.484" /><testcase classname="backend.tests.backend_test.TestWishlist" name="test_wishlist_flow" time="0.491" /><testcase classname="backend.tests.backend_test.TestVisits" name="test_visit_flow" time="0.599" /><testcase classname="backend.tests.backend_test.TestChat" name="test_chat_flow" time="0.489" /><testcase classname="backend.tests.backend_test.TestAdmin" name="test_admin_stats" time="0.116" /><testcase classname="backend.tests.backend_test.TestAdmin" name="test_admin_list_pending" time="0.092" /><testcase classname="backend.tests.backend_test.TestAdmin" name="test_admin_forbidden_for_buyer" time="0.098" /><testcase classname="backend.tests.backend_test.TestAI" name="test_generate_description" time="1.512"><failure message="AssertionError: {&quot;detail&quot;:&quot;AI generation failed: Failed to start streaming completion: litellm.BadRequestError: OpenAIException - Budget has been exceeded! Current cost: 0.0, Max budget: 0.0&quot;}&#10;assert 500 == 200&#10; +  where 500 = &lt;Response [500]&gt;.status_code">backend/tests/backend_test.py:322: in test_generate_description
    assert r.status_code == 200, r.text
E   AssertionError: {"detail":"AI generation failed: Failed to start streaming completion: litellm.BadRequestError: OpenAIException - Budget has been exceeded! Current cost: 0.0, Max budget: 0.0"}
E   assert 500 == 200
E    +  where 500 = &lt;Response [500]&gt;.status_code</failure></testcase></testsuite></testsuites>